mode: atomic
github.com/kaatinga/strconv/helpers.go:3.55,4.41 1 2
github.com/kaatinga/strconv/helpers.go:12.2,12.23 1 0
github.com/kaatinga/strconv/helpers.go:4.41,5.18 1 9
github.com/kaatinga/strconv/helpers.go:8.3,8.50 1 8
github.com/kaatinga/strconv/helpers.go:5.18,7.4 1 1
github.com/kaatinga/strconv/helpers.go:8.50,10.4 1 1
github.com/kaatinga/strconv/to_bytes_converters.go:11.38,15.6 2 9
github.com/kaatinga/strconv/to_bytes_converters.go:15.6,18.13 3 31
github.com/kaatinga/strconv/to_bytes_converters.go:21.3,21.6 1 22
github.com/kaatinga/strconv/to_bytes_converters.go:18.13,20.4 1 9
github.com/kaatinga/strconv/to_bytes_converters.go:25.47,26.20 1 9
github.com/kaatinga/strconv/to_bytes_converters.go:30.2,30.21 1 7
github.com/kaatinga/strconv/to_bytes_converters.go:34.2,34.22 1 7
github.com/kaatinga/strconv/to_bytes_converters.go:38.2,38.23 1 5
github.com/kaatinga/strconv/to_bytes_converters.go:42.2,42.27 1 3
github.com/kaatinga/strconv/to_bytes_converters.go:26.20,28.3 1 2
github.com/kaatinga/strconv/to_bytes_converters.go:30.21,32.3 1 0
github.com/kaatinga/strconv/to_bytes_converters.go:34.22,36.3 1 2
github.com/kaatinga/strconv/to_bytes_converters.go:38.23,40.3 1 2
github.com/kaatinga/strconv/to_bytes_converters.go:46.34,49.6 2 9
github.com/kaatinga/strconv/to_bytes_converters.go:49.6,52.13 3 19
github.com/kaatinga/strconv/to_bytes_converters.go:55.3,55.6 1 10
github.com/kaatinga/strconv/to_bytes_converters.go:52.13,54.4 1 9
github.com/kaatinga/strconv/to_bytes_converters.go:64.43,65.18 1 9
github.com/kaatinga/strconv/to_bytes_converters.go:69.2,69.19 1 6
github.com/kaatinga/strconv/to_bytes_converters.go:73.2,73.27 1 4
github.com/kaatinga/strconv/to_bytes_converters.go:65.18,67.3 1 3
github.com/kaatinga/strconv/to_bytes_converters.go:69.19,71.3 1 2
github.com/kaatinga/strconv/to_string_converters.go:4.35,6.2 1 9
github.com/kaatinga/strconv/to_string_converters.go:9.39,11.2 1 9
github.com/kaatinga/strconv/errors.go:7.36,9.2 1 0
github.com/kaatinga/strconv/generic_strconv.go:8.46,10.56 1 1008
github.com/kaatinga/strconv/generic_strconv.go:14.2,16.6 3 1005
github.com/kaatinga/strconv/generic_strconv.go:33.2,33.26 1 260
github.com/kaatinga/strconv/generic_strconv.go:10.56,12.3 1 3
github.com/kaatinga/strconv/generic_strconv.go:16.6,17.41 1 2900
github.com/kaatinga/strconv/generic_strconv.go:21.3,25.22 3 2899
github.com/kaatinga/strconv/generic_strconv.go:17.41,19.4 1 1
github.com/kaatinga/strconv/generic_strconv.go:25.22,26.25 1 1004
github.com/kaatinga/strconv/generic_strconv.go:29.4,29.9 1 260
github.com/kaatinga/strconv/generic_strconv.go:26.25,28.5 1 744
github.com/kaatinga/strconv/generic_strconv.go:37.50,38.21 1 9
github.com/kaatinga/strconv/generic_strconv.go:42.2,44.6 3 8
github.com/kaatinga/strconv/generic_strconv.go:62.2,62.28 1 5
github.com/kaatinga/strconv/generic_strconv.go:38.21,40.3 1 1
github.com/kaatinga/strconv/generic_strconv.go:44.6,46.41 1 26
github.com/kaatinga/strconv/generic_strconv.go:50.3,54.22 3 25
github.com/kaatinga/strconv/generic_strconv.go:46.41,48.4 1 1
github.com/kaatinga/strconv/generic_strconv.go:54.22,55.27 1 7
github.com/kaatinga/strconv/generic_strconv.go:58.4,58.9 1 5
github.com/kaatinga/strconv/generic_strconv.go:55.27,57.5 1 2
github.com/kaatinga/strconv/generic_strconv.go:66.50,68.21 1 999901
github.com/kaatinga/strconv/generic_strconv.go:72.2,74.6 3 999901
github.com/kaatinga/strconv/generic_strconv.go:92.2,92.28 1 429454
github.com/kaatinga/strconv/generic_strconv.go:68.21,70.3 1 0
github.com/kaatinga/strconv/generic_strconv.go:74.6,76.41 1 9887905
github.com/kaatinga/strconv/generic_strconv.go:80.3,84.22 3 9887905
github.com/kaatinga/strconv/generic_strconv.go:76.41,78.4 1 0
github.com/kaatinga/strconv/generic_strconv.go:84.22,85.31 1 999901
github.com/kaatinga/strconv/generic_strconv.go:88.4,88.9 1 429454
github.com/kaatinga/strconv/generic_strconv.go:85.31,87.5 1 570447
